<?xml version="1.0" encoding="UTF-8"?>
<!-- Generated by org.testng.reporters.JUnitReportReporter -->
<testsuite hostname="zMachine" failures="0" tests="2" name="com.pomProject.TestCases.HomePageTest" time="28.659" errors="0" timestamp="2020-09-14T18:22:36 AEST" skipped="0">
  <testcase classname="com.pomProject.TestCases.HomePageTest" name="VeriTitleHomePage" time="14.305"/>
  <system-out/>
  <testcase classname="com.pomProject.TestCases.HomePageTest" name="VerifyUserNameTest" time="14.354"/>
  <system-out/>
</testsuite> <!-- com.pomProject.TestCases.HomePageTest -->
