<?xml version="1.0" encoding="UTF-8"?>
<!-- Generated by org.testng.reporters.JUnitReportReporter -->
<testsuite hostname="zMachine" failures="0" tests="3" name="com.pomProject.TestCases.LoginPageTest" time="35.493" errors="0" timestamp="2020-09-14T18:22:36 AEST" skipped="0">
  <testcase classname="com.pomProject.TestCases.LoginPageTest" name="loginPageTitleTest" time="10.476"/>
  <system-out/>
  <testcase classname="com.pomProject.TestCases.LoginPageTest" name="crmImageLogoTest" time="10.458"/>
  <system-out/>
  <testcase classname="com.pomProject.TestCases.LoginPageTest" name="loginTest" time="14.559"/>
  <system-out/>
</testsuite> <!-- com.pomProject.TestCases.LoginPageTest -->
