<?xml version="1.0" encoding="UTF-8"?>
<!-- Generated by org.testng.reporters.JUnitReportReporter -->
<testsuite hostname="zMachine" failures="0" tests="7" name="com.pomProject.TestCases.ContactsPageTest" time="91.238" errors="0" timestamp="2020-09-14T18:45:15 AEST" skipped="3">
  <testcase classname="com.pomProject.TestCases.ContactsPageTest" name="ValidateCreateNewContactDDT" time="22.614"/>
  <testcase classname="com.pomProject.TestCases.ContactsPageTest" name="ValidateCreateNewContactDDT" time="23.968"/>
  <testcase classname="com.pomProject.TestCases.ContactsPageTest" name="ValidateCreateNewContactDDT" time="22.402"/>
  <testcase classname="com.pomProject.TestCases.ContactsPageTest" name="ValidateCreateNewContactDDT" time="22.254"/>
  <testcase classname="com.pomProject.TestCases.ContactsPageTest" name="SelectContactsTest">
    <skipped/>
  </testcase> <!-- SelectContactsTest -->
  <testcase classname="com.pomProject.TestCases.ContactsPageTest" name="verifyContactPageLabel">
    <skipped/>
  </testcase> <!-- verifyContactPageLabel -->
  <testcase classname="com.pomProject.TestCases.ContactsPageTest" name="ValidateCreateNewContact">
    <skipped/>
  </testcase> <!-- ValidateCreateNewContact -->
</testsuite> <!-- com.pomProject.TestCases.ContactsPageTest -->
