<?xml version="1.0" encoding="UTF-8"?>
<!-- Generated by org.testng.reporters.JUnitReportReporter -->
<testsuite hostname="zMachine" failures="0" tests="2" name="com.pomProject.TestCases.HomePageTest" time="28.837" errors="0" timestamp="2020-09-14T20:53:56 AEST" skipped="0">
  <testcase classname="com.pomProject.TestCases.HomePageTest" name="VeriTitleHomePage" time="13.487"/>
  <system-out/>
  <testcase classname="com.pomProject.TestCases.HomePageTest" name="VerifyUserNameTest" time="15.350"/>
  <system-out/>
</testsuite> <!-- com.pomProject.TestCases.HomePageTest -->
