<?xml version="1.0" encoding="UTF-8"?>
<!-- Generated by org.testng.reporters.JUnitReportReporter -->
<testsuite hostname="zMachine" failures="0" tests="3" name="com.pomProject.TestCases.LoginPageTest" time="37.535" errors="0" timestamp="2020-09-14T20:53:56 AEST" skipped="0">
  <testcase classname="com.pomProject.TestCases.LoginPageTest" name="loginPageTitleTest" time="14.335"/>
  <system-out/>
  <testcase classname="com.pomProject.TestCases.LoginPageTest" name="crmImageLogoTest" time="9.765"/>
  <system-out/>
  <testcase classname="com.pomProject.TestCases.LoginPageTest" name="loginTest" time="13.435"/>
  <system-out/>
</testsuite> <!-- com.pomProject.TestCases.LoginPageTest -->
